<?xml version="1.0" encoding="UTF-8"?>
<!-- Generated by org.testng.reporters.JUnitReportReporter -->
<testsuite skipped="0" hostname="DESKTOP-FS3NC9J" name="com.Selenium_practice_TestCases.TC_LoginPage_01" tests="1" failures="0" timestamp="2021-05-27T17:12:54 IST" time="0.013" errors="0">
  <testcase name="loginPage" time="0.013" classname="com.Selenium_practice_TestCases.TC_LoginPage_01"/>
  <system-out/>
</testsuite> <!-- com.Selenium_practice_TestCases.TC_LoginPage_01 -->
