<?xml version="1.0" encoding="UTF-8"?>
<!-- Generated by org.testng.reporters.JUnitReportReporter -->
<testsuite skipped="0" hostname="DESKTOP-FS3NC9J" name="com.Selenium_practice_TestCases.TC_BrowserCommands_01" tests="1" failures="0" timestamp="2021-05-29T19:46:28 IST" time="27.083" errors="0">
  <testcase name="BrowserCommands" time="27.083" classname="com.Selenium_practice_TestCases.TC_BrowserCommands_01"/>
  <system-out/>
</testsuite> <!-- com.Selenium_practice_TestCases.TC_BrowserCommands_01 -->
